<?xml version="1.0" encoding="UTF-8" ?>
<testsuites disabled="0" errors="0" failures="1" tests="2" time="4.594">
 <testsuite name="demo calclator tests" timestamp="2022-03-21T20:49:01" hostname="localhost" time="4.441" errors="0" tests="1" skipped="0" disabled="0" failures="0">
  <testcase classname="demo calclator tests" name="addition test" time="4.437" />
 </testsuite>
 <testsuite name="demo calclator tests" timestamp="2022-03-21T20:49:05" hostname="localhost" time="0.153" errors="0" tests="1" skipped="0" disabled="0" failures="1">
  <testcase classname="demo calclator tests" name="addition test" time="0.152">
   <failure type="exception" message="Failed: homepage.clickGo1 is not a function"><![CDATA[TypeError: homepage.clickGo1 is not a function
    at UserContext.<anonymous> (/Users/asimtoor/Desktop/visual-studio-codes/protractor_practice/tests/calculator.js:23:18)
    at /opt/homebrew/lib/node_modules/protractor/node_modules/jasminewd2/index.js:112:25
    at new ManagedPromise (/opt/homebrew/lib/node_modules/protractor/node_modules/selenium-webdriver/lib/promise.js:1077:7)
    at ControlFlow.promise (/opt/homebrew/lib/node_modules/protractor/node_modules/selenium-webdriver/lib/promise.js:2505:12)
    at schedulerExecute (/opt/homebrew/lib/node_modules/protractor/node_modules/jasminewd2/index.js:95:18)
    at TaskQueue.execute_ (/opt/homebrew/lib/node_modules/protractor/node_modules/selenium-webdriver/lib/promise.js:3084:14)
    at TaskQueue.executeNext_ (/opt/homebrew/lib/node_modules/protractor/node_modules/selenium-webdriver/lib/promise.js:3067:27)
    at /opt/homebrew/lib/node_modules/protractor/node_modules/selenium-webdriver/lib/promise.js:2974:25
    at /opt/homebrew/lib/node_modules/protractor/node_modules/selenium-webdriver/lib/promise.js:668:7
From: Task: Run it("addition test") in control flow
    at UserContext.<anonymous> (/opt/homebrew/lib/node_modules/protractor/node_modules/jasminewd2/index.js:94:19)
    at attempt (/opt/homebrew/lib/node_modules/protractor/node_modules/jasmine-core/lib/jasmine-core/jasmine.js:4297:26)
    at QueueRunner.run (/opt/homebrew/lib/node_modules/protractor/node_modules/jasmine-core/lib/jasmine-core/jasmine.js:4217:20)
    at QueueRunner.execute (/opt/homebrew/lib/node_modules/protractor/node_modules/jasmine-core/lib/jasmine-core/jasmine.js:4199:10)
    at Spec.queueRunnerFactory (/opt/homebrew/lib/node_modules/protractor/node_modules/jasmine-core/lib/jasmine-core/jasmine.js:909:35)
    at Spec.execute (/opt/homebrew/lib/node_modules/protractor/node_modules/jasmine-core/lib/jasmine-core/jasmine.js:526:10)
    at UserContext.fn (/opt/homebrew/lib/node_modules/protractor/node_modules/jasmine-core/lib/jasmine-core/jasmine.js:5340:37)
    at attempt (/opt/homebrew/lib/node_modules/protractor/node_modules/jasmine-core/lib/jasmine-core/jasmine.js:4297:26)
    at QueueRunner.run (/opt/homebrew/lib/node_modules/protractor/node_modules/jasmine-core/lib/jasmine-core/jasmine.js:4217:20)
    at QueueRunner.execute (/opt/homebrew/lib/node_modules/protractor/node_modules/jasmine-core/lib/jasmine-core/jasmine.js:4199:10)
From asynchronous test: 
Error
    at Suite.<anonymous> (/Users/asimtoor/Desktop/visual-studio-codes/protractor_practice/tests/calculator.js:18:5)
    at addSpecsToSuite (/opt/homebrew/lib/node_modules/protractor/node_modules/jasmine-core/lib/jasmine-core/jasmine.js:1107:25)
    at Env.describe (/opt/homebrew/lib/node_modules/protractor/node_modules/jasmine-core/lib/jasmine-core/jasmine.js:1074:7)
    at describe (/opt/homebrew/lib/node_modules/protractor/node_modules/jasmine-core/lib/jasmine-core/jasmine.js:4399:18)
    at Object.<anonymous> (/Users/asimtoor/Desktop/visual-studio-codes/protractor_practice/tests/calculator.js:17:1)
    at Module._compile (node:internal/modules/cjs/loader:1097:14)
    at Object.Module._extensions..js (node:internal/modules/cjs/loader:1149:10)
    at Module.load (node:internal/modules/cjs/loader:975:32)
    at Function.Module._load (node:internal/modules/cjs/loader:822:12)]]>
   </failure>
  </testcase>
 </testsuite>
</testsuites>